{"numTotalTestSuites":26,"numPassedTestSuites":8,"numFailedTestSuites":18,"numPendingTestSuites":0,"numTotalTests":38,"numPassedTests":26,"numFailedTests":12,"numPendingTests":0,"numTodoTests":0,"snapshot":{"added":0,"failure":false,"filesAdded":0,"filesRemoved":0,"filesRemovedList":[],"filesUnmatched":0,"filesUpdated":0,"matched":0,"total":0,"unchecked":0,"uncheckedKeysByFile":[],"unmatched":0,"updated":0,"didUpdate":false},"startTime":1754106760985,"success":false,"testResults":[{"assertionResults":[{"ancestorTitles":["Security Test Suite - Authentication & Authorization","Token Security Tests"],"fullName":"Security Test Suite - Authentication & Authorization Token Security Tests should reject requests with malformed tokens","status":"passed","title":"should reject requests with malformed tokens","duration":72.27433300000001,"failureMessages":[],"meta":{}},{"ancestorTitles":["Security Test Suite - Authentication & Authorization","Token Security Tests"],"fullName":"Security Test Suite - Authentication & Authorization Token Security Tests should reject requests without authentication tokens","status":"failed","title":"should reject requests without authentication tokens","duration":8.914917000000003,"failureMessages":["AssertionError: expected 404 to be 403 // Object.is equality\n    at /Users/leonhardt/dev/effect-app/test/security/auth-security.test.ts:57:33\n    at processTicksAndRejections (node:internal/process/task_queues:105:5)\n    at file:///Users/leonhardt/dev/effect-app/node_modules/.pnpm/@vitest+runner@3.2.4/node_modules/@vitest/runner/dist/chunk-hooks.js:752:20"],"meta":{}},{"ancestorTitles":["Security Test Suite - Authentication & Authorization","Token Security Tests"],"fullName":"Security Test Suite - Authentication & Authorization Token Security Tests should prevent token fixation attacks","status":"passed","title":"should prevent token fixation attacks","duration":17.78670900000003,"failureMessages":[],"meta":{}},{"ancestorTitles":["Security Test Suite - Authentication & Authorization","Token Security Tests"],"fullName":"Security Test Suite - Authentication & Authorization Token Security Tests should generate cryptographically secure tokens","status":"passed","title":"should generate cryptographically secure tokens","duration":273.589958,"failureMessages":[],"meta":{}},{"ancestorTitles":["Security Test Suite - Authentication & Authorization","Authorization Tests"],"fullName":"Security Test Suite - Authentication & Authorization Authorization Tests should prevent cross-user data access","status":"passed","title":"should prevent cross-user data access","duration":3.600500000000011,"failureMessages":[],"meta":{}},{"ancestorTitles":["Security Test Suite - Authentication & Authorization","Authorization Tests"],"fullName":"Security Test Suite - Authentication & Authorization Authorization Tests should enforce group ownership policies","status":"failed","title":"should enforce group ownership policies","duration":5.163332999999966,"failureMessages":["AssertionError: expected 404 to be 403 // Object.is equality\n    at /Users/leonhardt/dev/effect-app/test/security/auth-security.test.ts:199:37\n    at processTicksAndRejections (node:internal/process/task_queues:105:5)\n    at file:///Users/leonhardt/dev/effect-app/node_modules/.pnpm/@vitest+runner@3.2.4/node_modules/@vitest/runner/dist/chunk-hooks.js:752:20"],"meta":{}},{"ancestorTitles":["Security Test Suite - Authentication & Authorization","Session Management"],"fullName":"Security Test Suite - Authentication & Authorization Session Management should handle concurrent sessions securely","status":"failed","title":"should handle concurrent sessions securely","duration":4.23595899999998,"failureMessages":["SyntaxError: Unexpected end of JSON input\n    at JSON.parse (<anonymous>)\n    at parseJSONFromBytes (node:internal/deps/undici/undici:6223:19)\n    at successSteps (node:internal/deps/undici/undici:6204:27)\n    at readAllBytes (node:internal/deps/undici/undici:5173:13)\n    at processTicksAndRejections (node:internal/process/task_queues:105:5)"],"meta":{}}],"startTime":1754106761401,"endTime":1754106761787.2358,"status":"failed","message":"","name":"/Users/leonhardt/dev/effect-app/test/security/auth-security.test.ts"},{"assertionResults":[{"ancestorTitles":["Security Test Suite - Data Protection","Data Exposure Prevention"],"fullName":"Security Test Suite - Data Protection Data Exposure Prevention should not expose sensitive data in API responses","status":"failed","title":"should not expose sensitive data in API responses","duration":34.23112499999999,"failureMessages":["AssertionError: expected '019868e9-101b-778a-8fb1-ec65466f67ac' to be falsy\n    at /Users/leonhardt/dev/effect-app/test/security/data-protection.test.ts:21:36\n    at processTicksAndRejections (node:internal/process/task_queues:105:5)\n    at file:///Users/leonhardt/dev/effect-app/node_modules/.pnpm/@vitest+runner@3.2.4/node_modules/@vitest/runner/dist/chunk-hooks.js:752:20"],"meta":{}},{"ancestorTitles":["Security Test Suite - Data Protection","Data Exposure Prevention"],"fullName":"Security Test Suite - Data Protection Data Exposure Prevention should redact sensitive information in logs","status":"passed","title":"should redact sensitive information in logs","duration":15.995291000000009,"failureMessages":[],"meta":{}},{"ancestorTitles":["Security Test Suite - Data Protection","Data Exposure Prevention"],"fullName":"Security Test Suite - Data Protection Data Exposure Prevention should handle error responses without data leakage","status":"passed","title":"should handle error responses without data leakage","duration":22.506459000000007,"failureMessages":[],"meta":{}},{"ancestorTitles":["Security Test Suite - Data Protection","Data Integrity"],"fullName":"Security Test Suite - Data Protection Data Integrity should maintain referential integrity","status":"passed","title":"should maintain referential integrity","duration":21.400374999999997,"failureMessages":[],"meta":{}},{"ancestorTitles":["Security Test Suite - Data Protection","Data Integrity"],"fullName":"Security Test Suite - Data Protection Data Integrity should validate data consistency","status":"passed","title":"should validate data consistency","duration":15.622375000000034,"failureMessages":[],"meta":{}},{"ancestorTitles":["Security Test Suite - Data Protection","Data Sanitization"],"fullName":"Security Test Suite - Data Protection Data Sanitization should sanitize input data","status":"passed","title":"should sanitize input data","duration":18.69345800000002,"failureMessages":[],"meta":{}},{"ancestorTitles":["Security Test Suite - Data Protection","Data Sanitization"],"fullName":"Security Test Suite - Data Protection Data Sanitization should normalize data formats","status":"failed","title":"should normalize data formats","duration":5.855666000000042,"failureMessages":["AssertionError: expected 'Test@Example.Com' to be 'test@example.com' // Object.is equality\n    at /Users/leonhardt/dev/effect-app/test/security/data-protection.test.ts:230:34\n    at processTicksAndRejections (node:internal/process/task_queues:105:5)\n    at file:///Users/leonhardt/dev/effect-app/node_modules/.pnpm/@vitest+runner@3.2.4/node_modules/@vitest/runner/dist/chunk-hooks.js:752:20"],"meta":{}},{"ancestorTitles":["Security Test Suite - Data Protection","Privacy Protection"],"fullName":"Security Test Suite - Data Protection Privacy Protection should implement data minimization","status":"passed","title":"should implement data minimization","duration":33.51558300000005,"failureMessages":[],"meta":{}},{"ancestorTitles":["Security Test Suite - Data Protection","Privacy Protection"],"fullName":"Security Test Suite - Data Protection Privacy Protection should handle data deletion properly","status":"passed","title":"should handle data deletion properly","duration":7.788583000000017,"failureMessages":[],"meta":{}},{"ancestorTitles":["Security Test Suite - Data Protection","Backup and Recovery Security"],"fullName":"Security Test Suite - Data Protection Backup and Recovery Security should not expose backup files publicly","status":"passed","title":"should not expose backup files publicly","duration":16.43874999999997,"failureMessages":[],"meta":{}},{"ancestorTitles":["Security Test Suite - Data Protection","Backup and Recovery Security"],"fullName":"Security Test Suite - Data Protection Backup and Recovery Security should not expose configuration files","status":"passed","title":"should not expose configuration files","duration":14.006834000000026,"failureMessages":[],"meta":{}}],"startTime":1754106761228,"endTime":1754106761435.0068,"status":"failed","message":"","name":"/Users/leonhardt/dev/effect-app/test/security/data-protection.test.ts"},{"assertionResults":[{"ancestorTitles":["Security Test Suite - Infrastructure Security","Security Headers"],"fullName":"Security Test Suite - Infrastructure Security Security Headers should include required security headers","status":"failed","title":"should include required security headers","duration":19.831582999999995,"failureMessages":["AssertionError: expected null to be 'DENY' // Object.is equality\n    at /Users/leonhardt/dev/effect-app/test/security/infrastructure-security.test.ts:15:55\n    at processTicksAndRejections (node:internal/process/task_queues:105:5)\n    at file:///Users/leonhardt/dev/effect-app/node_modules/.pnpm/@vitest+runner@3.2.4/node_modules/@vitest/runner/dist/chunk-hooks.js:752:20"],"meta":{}},{"ancestorTitles":["Security Test Suite - Infrastructure Security","Security Headers"],"fullName":"Security Test Suite - Infrastructure Security Security Headers should set appropriate CORS headers","status":"passed","title":"should set appropriate CORS headers","duration":5.6515830000000165,"failureMessages":[],"meta":{}},{"ancestorTitles":["Security Test Suite - Infrastructure Security","Rate Limiting"],"fullName":"Security Test Suite - Infrastructure Security Rate Limiting should implement rate limiting on authentication endpoints","status":"passed","title":"should implement rate limiting on authentication endpoints","duration":105.11616599999999,"failureMessages":[],"meta":{}},{"ancestorTitles":["Security Test Suite - Infrastructure Security","Rate Limiting"],"fullName":"Security Test Suite - Infrastructure Security Rate Limiting should implement rate limiting on API endpoints","status":"passed","title":"should implement rate limiting on API endpoints","duration":91.13437499999998,"failureMessages":[],"meta":{}},{"ancestorTitles":["Security Test Suite - Infrastructure Security","HTTPS and TLS Security"],"fullName":"Security Test Suite - Infrastructure Security HTTPS and TLS Security should enforce HTTPS in production","status":"passed","title":"should enforce HTTPS in production","duration":0.13358299999998735,"failureMessages":[],"meta":{}},{"ancestorTitles":["Security Test Suite - Infrastructure Security","HTTPS and TLS Security"],"fullName":"Security Test Suite - Infrastructure Security HTTPS and TLS Security should have proper TLS configuration","status":"passed","title":"should have proper TLS configuration","duration":0.0667079999999487,"failureMessages":[],"meta":{}},{"ancestorTitles":["Security Test Suite - Infrastructure Security","Error Handling Security"],"fullName":"Security Test Suite - Infrastructure Security Error Handling Security should not expose sensitive information in error messages","status":"passed","title":"should not expose sensitive information in error messages","duration":4.805334000000016,"failureMessages":[],"meta":{}},{"ancestorTitles":["Security Test Suite - Infrastructure Security","Error Handling Security"],"fullName":"Security Test Suite - Infrastructure Security Error Handling Security should handle malformed requests gracefully","status":"passed","title":"should handle malformed requests gracefully","duration":5.294916999999998,"failureMessages":[],"meta":{}},{"ancestorTitles":["Security Test Suite - Infrastructure Security","Cookie Security"],"fullName":"Security Test Suite - Infrastructure Security Cookie Security should set secure cookie attributes","status":"failed","title":"should set secure cookie attributes","duration":5.386499999999955,"failureMessages":["AssertionError: expected 'token=019868e9-10f8-716e-9622-864b31f…' to contain 'SameSite='\n    at /Users/leonhardt/dev/effect-app/test/security/infrastructure-security.test.ts:245:25\n    at processTicksAndRejections (node:internal/process/task_queues:105:5)\n    at file:///Users/leonhardt/dev/effect-app/node_modules/.pnpm/@vitest+runner@3.2.4/node_modules/@vitest/runner/dist/chunk-hooks.js:752:20"],"meta":{}},{"ancestorTitles":["Security Test Suite - Infrastructure Security","Cookie Security"],"fullName":"Security Test Suite - Infrastructure Security Cookie Security should properly handle cookie-based authentication","status":"passed","title":"should properly handle cookie-based authentication","duration":5.861458999999968,"failureMessages":[],"meta":{}},{"ancestorTitles":["Security Test Suite - Infrastructure Security","Resource Protection"],"fullName":"Security Test Suite - Infrastructure Security Resource Protection should prevent path traversal attacks","status":"passed","title":"should prevent path traversal attacks","duration":8.924125000000004,"failureMessages":[],"meta":{}},{"ancestorTitles":["Security Test Suite - Infrastructure Security","Resource Protection"],"fullName":"Security Test Suite - Infrastructure Security Resource Protection should protect against directory listing","status":"passed","title":"should protect against directory listing","duration":17.503124999999955,"failureMessages":[],"meta":{}}],"startTime":1754106761228,"endTime":1754106761498.5032,"status":"failed","message":"","name":"/Users/leonhardt/dev/effect-app/test/security/infrastructure-security.test.ts"},{"assertionResults":[{"ancestorTitles":["Security Test Suite - Input Validation","SQL Injection Prevention"],"fullName":"Security Test Suite - Input Validation SQL Injection Prevention should prevent SQL injection in email fields","status":"passed","title":"should prevent SQL injection in email fields","duration":52.785375000000016,"failureMessages":[],"meta":{}},{"ancestorTitles":["Security Test Suite - Input Validation","SQL Injection Prevention"],"fullName":"Security Test Suite - Input Validation SQL Injection Prevention should prevent SQL injection in name fields","status":"failed","title":"should prevent SQL injection in name fields","duration":28.11295800000005,"failureMessages":["AssertionError: expected 'Robert\\'; DROP TABLE people; --' not to contain 'DROP TABLE'\n    at /Users/leonhardt/dev/effect-app/test/security/input-validation.test.ts:82:44\n    at processTicksAndRejections (node:internal/process/task_queues:105:5)\n    at file:///Users/leonhardt/dev/effect-app/node_modules/.pnpm/@vitest+runner@3.2.4/node_modules/@vitest/runner/dist/chunk-hooks.js:752:20"],"meta":{}},{"ancestorTitles":["Security Test Suite - Input Validation","XSS Prevention"],"fullName":"Security Test Suite - Input Validation XSS Prevention should prevent XSS in user input fields","status":"failed","title":"should prevent XSS in user input fields","duration":14.886458000000005,"failureMessages":["AssertionError: expected 'Test Group <script>alert(\\'XSS\\')</sc…' not to contain '<script>'\n    at /Users/leonhardt/dev/effect-app/test/security/input-validation.test.ts:138:38\n    at processTicksAndRejections (node:internal/process/task_queues:105:5)\n    at file:///Users/leonhardt/dev/effect-app/node_modules/.pnpm/@vitest+runner@3.2.4/node_modules/@vitest/runner/dist/chunk-hooks.js:752:20"],"meta":{}},{"ancestorTitles":["Security Test Suite - Input Validation","XSS Prevention"],"fullName":"Security Test Suite - Input Validation XSS Prevention should prevent XSS in JSON responses","status":"passed","title":"should prevent XSS in JSON responses","duration":8.182958999999983,"failureMessages":[],"meta":{}},{"ancestorTitles":["Security Test Suite - Input Validation","Command Injection Prevention"],"fullName":"Security Test Suite - Input Validation Command Injection Prevention should prevent command injection in input fields","status":"passed","title":"should prevent command injection in input fields","duration":25.24974999999995,"failureMessages":[],"meta":{}},{"ancestorTitles":["Security Test Suite - Input Validation","Data Validation"],"fullName":"Security Test Suite - Input Validation Data Validation should validate email format strictly","status":"failed","title":"should validate email format strictly","duration":42.11375000000004,"failureMessages":["AssertionError: expected 200 to be 400 // Object.is equality\n    at /Users/leonhardt/dev/effect-app/test/security/input-validation.test.ts:225:33\n    at processTicksAndRejections (node:internal/process/task_queues:105:5)\n    at file:///Users/leonhardt/dev/effect-app/node_modules/.pnpm/@vitest+runner@3.2.4/node_modules/@vitest/runner/dist/chunk-hooks.js:752:20"],"meta":{}},{"ancestorTitles":["Security Test Suite - Input Validation","Data Validation"],"fullName":"Security Test Suite - Input Validation Data Validation should validate name fields securely","status":"failed","title":"should validate name fields securely","duration":12.448499999999967,"failureMessages":["AssertionError: expected 200 to be 400 // Object.is equality\n    at /Users/leonhardt/dev/effect-app/test/security/input-validation.test.ts:271:33\n    at processTicksAndRejections (node:internal/process/task_queues:105:5)\n    at file:///Users/leonhardt/dev/effect-app/node_modules/.pnpm/@vitest+runner@3.2.4/node_modules/@vitest/runner/dist/chunk-hooks.js:752:20"],"meta":{}},{"ancestorTitles":["Security Test Suite - Input Validation","Data Validation"],"fullName":"Security Test Suite - Input Validation Data Validation should validate JSON payload structure","status":"failed","title":"should validate JSON payload structure","duration":11.079457999999988,"failureMessages":["AssertionError: expected 500 to be 400 // Object.is equality\n    at /Users/leonhardt/dev/effect-app/test/security/input-validation.test.ts:293:33\n    at processTicksAndRejections (node:internal/process/task_queues:105:5)\n    at file:///Users/leonhardt/dev/effect-app/node_modules/.pnpm/@vitest+runner@3.2.4/node_modules/@vitest/runner/dist/chunk-hooks.js:752:20"],"meta":{}}],"startTime":1754106761228,"endTime":1754106761423.0793,"status":"failed","message":"","name":"/Users/leonhardt/dev/effect-app/test/security/input-validation.test.ts"}]}
