
 RUN  v3.2.4 /Users/leonhardt/dev/effect-app

 Ã— test/security/data-protection.test.ts > Security Test Suite - Data Protection > Data Exposure Prevention > should not expose sensitive data in API responses 27ms
   â†’ expected '019868e9-1545-7321-a1a3-7994f4e04367' to be falsy
 âœ“ test/security/data-protection.test.ts > Security Test Suite - Data Protection > Data Exposure Prevention > should redact sensitive information in logs 13ms
 âœ“ test/security/data-protection.test.ts > Security Test Suite - Data Protection > Data Exposure Prevention > should handle error responses without data leakage 21ms
 âœ“ test/security/data-protection.test.ts > Security Test Suite - Data Protection > Data Integrity > should maintain referential integrity 17ms
 âœ“ test/security/data-protection.test.ts > Security Test Suite - Data Protection > Data Integrity > should validate data consistency 18ms
 âœ“ test/security/data-protection.test.ts > Security Test Suite - Data Protection > Data Sanitization > should sanitize input data 20ms
 âœ“ test/security/input-validation.test.ts > Security Test Suite - Input Validation > SQL Injection Prevention > should prevent SQL injection in email fields 35ms
 Ã— test/security/input-validation.test.ts > Security Test Suite - Input Validation > SQL Injection Prevention > should prevent SQL injection in name fields 31ms
   â†’ expected 'Robert\'; DROP TABLE people; --' not to contain 'DROP TABLE'
 Ã— test/security/input-validation.test.ts > Security Test Suite - Input Validation > XSS Prevention > should prevent XSS in user input fields 14ms
   â†’ expected 'Test Group <script>alert(\'XSS\')</scâ€¦' not to contain '<script>'
 âœ“ test/security/input-validation.test.ts > Security Test Suite - Input Validation > XSS Prevention > should prevent XSS in JSON responses 8ms
 âœ“ test/security/input-validation.test.ts > Security Test Suite - Input Validation > Command Injection Prevention > should prevent command injection in input fields 28ms
 Ã— test/security/infrastructure-security.test.ts > Security Test Suite - Infrastructure Security > Security Headers > should include required security headers 19ms
   â†’ expected null to be 'DENY' // Object.is equality
 âœ“ test/security/infrastructure-security.test.ts > Security Test Suite - Infrastructure Security > Security Headers > should set appropriate CORS headers 7ms
 âœ“ test/security/infrastructure-security.test.ts > Security Test Suite - Infrastructure Security > Rate Limiting > should implement rate limiting on authentication endpoints 99ms
 Ã— test/security/input-validation.test.ts > Security Test Suite - Input Validation > Data Validation > should validate email format strictly 37ms
   â†’ expected 500 to be 400 // Object.is equality
 Ã— test/security/input-validation.test.ts > Security Test Suite - Input Validation > Data Validation > should validate name fields securely 10ms
   â†’ expected 200 to be 400 // Object.is equality
 Ã— test/security/input-validation.test.ts > Security Test Suite - Input Validation > Data Validation > should validate JSON payload structure 13ms
   â†’ expected 500 to be 400 // Object.is equality
 Ã— test/security/data-protection.test.ts > Security Test Suite - Data Protection > Data Sanitization > should normalize data formats 9ms
   â†’ expected 'test@EXAMPLE.com' to be 'test@example.com' // Object.is equality
 âœ“ test/security/data-protection.test.ts > Security Test Suite - Data Protection > Privacy Protection > should implement data minimization 30ms
 âœ“ test/security/data-protection.test.ts > Security Test Suite - Data Protection > Privacy Protection > should handle data deletion properly 7ms
 âœ“ test/security/data-protection.test.ts > Security Test Suite - Data Protection > Backup and Recovery Security > should not expose backup files publicly 17ms
 âœ“ test/security/data-protection.test.ts > Security Test Suite - Data Protection > Backup and Recovery Security > should not expose configuration files 6ms
 âœ“ test/security/infrastructure-security.test.ts > Security Test Suite - Infrastructure Security > Rate Limiting > should implement rate limiting on API endpoints 70ms
 âœ“ test/security/infrastructure-security.test.ts > Security Test Suite - Infrastructure Security > HTTPS and TLS Security > should enforce HTTPS in production 0ms
 âœ“ test/security/infrastructure-security.test.ts > Security Test Suite - Infrastructure Security > HTTPS and TLS Security > should have proper TLS configuration 0ms
 âœ“ test/security/infrastructure-security.test.ts > Security Test Suite - Infrastructure Security > Error Handling Security > should not expose sensitive information in error messages 4ms
 âœ“ test/security/infrastructure-security.test.ts > Security Test Suite - Infrastructure Security > Error Handling Security > should handle malformed requests gracefully 4ms
 Ã— test/security/infrastructure-security.test.ts > Security Test Suite - Infrastructure Security > Cookie Security > should set secure cookie attributes 4ms
   â†’ expected 'token=019868e9-1604-7117-92b1-ed18a6câ€¦' to contain 'SameSite='
 âœ“ test/security/infrastructure-security.test.ts > Security Test Suite - Infrastructure Security > Cookie Security > should properly handle cookie-based authentication 7ms
 âœ“ test/security/infrastructure-security.test.ts > Security Test Suite - Infrastructure Security > Resource Protection > should prevent path traversal attacks 7ms
 âœ“ test/security/infrastructure-security.test.ts > Security Test Suite - Infrastructure Security > Resource Protection > should protect against directory listing 5ms
 âœ“ test/security/auth-security.test.ts > Security Test Suite - Authentication & Authorization > Token Security Tests > should reject requests with malformed tokens 66ms
 Ã— test/security/auth-security.test.ts > Security Test Suite - Authentication & Authorization > Token Security Tests > should reject requests without authentication tokens 9ms
   â†’ expected 404 to be 403 // Object.is equality
 âœ“ test/security/auth-security.test.ts > Security Test Suite - Authentication & Authorization > Token Security Tests > should prevent token fixation attacks 9ms
 âœ“ test/security/auth-security.test.ts > Security Test Suite - Authentication & Authorization > Token Security Tests > should generate cryptographically secure tokens 184ms
 âœ“ test/security/auth-security.test.ts > Security Test Suite - Authentication & Authorization > Authorization Tests > should prevent cross-user data access 4ms
 Ã— test/security/auth-security.test.ts > Security Test Suite - Authentication & Authorization > Authorization Tests > should enforce group ownership policies 6ms
   â†’ expected 404 to be 403 // Object.is equality
 Ã— test/security/auth-security.test.ts > Security Test Suite - Authentication & Authorization > Session Management > should handle concurrent sessions securely 5ms
   â†’ Unexpected end of JSON input

â¯â¯â¯â¯â¯â¯ Failed Tests 12 â¯â¯â¯â¯â¯â¯â¯

 FAIL  test/security/auth-security.test.ts > Security Test Suite - Authentication & Authorization > Token Security Tests > should reject requests without authentication tokens
AssertionError: expected 404 to be 403 // Object.is equality

[32m- Expected[39m
[31m+ Received[39m

[32m- 403[39m
[31m+ 404[39m

 â¯ test/security/auth-security.test.ts:57:33
     55|       for (const endpoint of protectedEndpoints) {
     56|         const response = await fetch(`${baseUrl}${endpoint}`)
     57|         expect(response.status).toBe(403)
       |                                 ^
     58|         
     59|         const body = await response.json()

â¯â¯â¯â¯â¯â¯â¯â¯â¯â¯â¯â¯â¯â¯â¯â¯â¯â¯â¯â¯â¯â¯â¯[1/12]â¯

 FAIL  test/security/auth-security.test.ts > Security Test Suite - Authentication & Authorization > Authorization Tests > should enforce group ownership policies
AssertionError: expected 404 to be 403 // Object.is equality

[32m- Expected[39m
[31m+ Received[39m

[32m- 403[39m
[31m+ 404[39m

 â¯ test/security/auth-security.test.ts:199:37
    197|       })
    198| 
    199|       expect(updateResponse.status).toBe(403)
       |                                     ^
    200|     })
    201|   })

â¯â¯â¯â¯â¯â¯â¯â¯â¯â¯â¯â¯â¯â¯â¯â¯â¯â¯â¯â¯â¯â¯â¯[2/12]â¯

 FAIL  test/security/auth-security.test.ts > Security Test Suite - Authentication & Authorization > Session Management > should handle concurrent sessions securely
SyntaxError: Unexpected end of JSON input
â¯â¯â¯â¯â¯â¯â¯â¯â¯â¯â¯â¯â¯â¯â¯â¯â¯â¯â¯â¯â¯â¯â¯[3/12]â¯

 FAIL  test/security/data-protection.test.ts > Security Test Suite - Data Protection > Data Exposure Prevention > should not expose sensitive data in API responses
AssertionError: expected '019868e9-1545-7321-a1a3-7994f4e04367' to be falsy

[32m- Expected:[39m 
false

[31m+ Received:[39m 
"019868e9-1545-7321-a1a3-7994f4e04367"

 â¯ test/security/data-protection.test.ts:21:36
     19| 
     20|       // Should not expose raw access tokens
     21|       expect(userData.accessToken).toBeFalsy()
       |                                    ^
     22|       
     23|       // Should not expose internal IDs that could be enumerated

â¯â¯â¯â¯â¯â¯â¯â¯â¯â¯â¯â¯â¯â¯â¯â¯â¯â¯â¯â¯â¯â¯â¯[4/12]â¯

 FAIL  test/security/data-protection.test.ts > Security Test Suite - Data Protection > Data Sanitization > should normalize data formats
AssertionError: expected 'test@EXAMPLE.com' to be 'test@example.com' // Object.is equality

Expected: [32m"test@[7mexample[27m.com"[39m
Received: [31m"test@[7mEXAMPLE[27m.com"[39m

 â¯ test/security/data-protection.test.ts:230:34
    228|           
    229|           // Email should be normalized (lowercase, trimmed)
    230|           expect(userData.email).toBe(email.toLowerCase().trim())
       |                                  ^
    231|         }
    232|       }

â¯â¯â¯â¯â¯â¯â¯â¯â¯â¯â¯â¯â¯â¯â¯â¯â¯â¯â¯â¯â¯â¯â¯[5/12]â¯

 FAIL  test/security/infrastructure-security.test.ts > Security Test Suite - Infrastructure Security > Security Headers > should include required security headers
AssertionError: expected null to be 'DENY' // Object.is equality

[32m- Expected:[39m 
"DENY"

[31m+ Received:[39m 
null

 â¯ test/security/infrastructure-security.test.ts:15:55
     13|       
     14|       // Critical security headers
     15|       expect(response.headers.get('x-frame-options')).toBe('DENY')
       |                                                       ^
     16|       expect(response.headers.get('x-content-type-options')).toBe('nosâ€¦
     17|       expect(response.headers.get('x-xss-protection')).toBe('1; mode=bâ€¦

â¯â¯â¯â¯â¯â¯â¯â¯â¯â¯â¯â¯â¯â¯â¯â¯â¯â¯â¯â¯â¯â¯â¯[6/12]â¯

 FAIL  test/security/infrastructure-security.test.ts > Security Test Suite - Infrastructure Security > Cookie Security > should set secure cookie attributes
AssertionError: expected 'token=019868e9-1604-7117-92b1-ed18a6câ€¦' to contain 'SameSite='

Expected: [32m"SameSite="[39m
Received: [31m"token=019868e9-1604-7117-92b1-ed18a6cae867; HttpOnly; Secure"[39m

 â¯ test/security/infrastructure-security.test.ts:245:25
    243|       }
    244|       expect(setCookie).toContain('HttpOnly')
    245|       expect(setCookie).toContain('SameSite=')
       |                         ^
    246|       
    247|       // Should have appropriate expiration

â¯â¯â¯â¯â¯â¯â¯â¯â¯â¯â¯â¯â¯â¯â¯â¯â¯â¯â¯â¯â¯â¯â¯[7/12]â¯

 FAIL  test/security/input-validation.test.ts > Security Test Suite - Input Validation > SQL Injection Prevention > should prevent SQL injection in name fields
AssertionError: expected 'Robert\'; DROP TABLE people; --' not to contain 'DROP TABLE'

Expected: [32m"DROP TABLE"[39m
Received: [31m"[7mRobert'; [27mDROP TABLE[7m people; --[27m"[39m

 â¯ test/security/input-validation.test.ts:82:44
     80|           const personData = await personResponse.json()
     81|           // Name should be sanitized
     82|           expect(personData.firstName).not.toContain("DROP TABLE")
       |                                            ^
     83|           expect(personData.firstName).not.toContain("INSERT INTO")
     84|           expect(personData.firstName).not.toContain("UNION SELECT")

â¯â¯â¯â¯â¯â¯â¯â¯â¯â¯â¯â¯â¯â¯â¯â¯â¯â¯â¯â¯â¯â¯â¯[8/12]â¯

 FAIL  test/security/input-validation.test.ts > Security Test Suite - Input Validation > XSS Prevention > should prevent XSS in user input fields
AssertionError: expected 'Test Group <script>alert(\'XSS\')</scâ€¦' not to contain '<script>'

Expected: [32m"[7m<[27mscript>"[39m
Received: [31m"[7mTest Group <script>alert('XSS')</[27mscript>"[39m

 â¯ test/security/input-validation.test.ts:138:38
    136|           const groupData = await groupResponse.json()
    137|           // Should be sanitized
    138|           expect(groupData.name).not.toContain("<script>")
       |                                      ^
    139|           expect(groupData.name).not.toContain("javascript:")
    140|           expect(groupData.name).not.toContain("onerror=")

â¯â¯â¯â¯â¯â¯â¯â¯â¯â¯â¯â¯â¯â¯â¯â¯â¯â¯â¯â¯â¯â¯â¯[9/12]â¯

 FAIL  test/security/input-validation.test.ts > Security Test Suite - Input Validation > Data Validation > should validate email format strictly
AssertionError: expected 500 to be 400 // Object.is equality

[32m- Expected[39m
[31m+ Received[39m

[32m- 400[39m
[31m+ 500[39m

 â¯ test/security/input-validation.test.ts:225:33
    223|         })
    224| 
    225|         expect(response.status).toBe(400)
       |                                 ^
    226|         const errorBody = await response.json()
    227|         expect(errorBody).toHaveProperty('_tag')

â¯â¯â¯â¯â¯â¯â¯â¯â¯â¯â¯â¯â¯â¯â¯â¯â¯â¯â¯â¯â¯â¯[10/12]â¯

 FAIL  test/security/input-validation.test.ts > Security Test Suite - Input Validation > Data Validation > should validate name fields securely
AssertionError: expected 200 to be 400 // Object.is equality

[32m- Expected[39m
[31m+ Received[39m

[32m- 400[39m
[31m+ 200[39m

 â¯ test/security/input-validation.test.ts:271:33
    269|         })
    270| 
    271|         expect(response.status).toBe(400)
       |                                 ^
    272|       }
    273|     })

â¯â¯â¯â¯â¯â¯â¯â¯â¯â¯â¯â¯â¯â¯â¯â¯â¯â¯â¯â¯â¯â¯[11/12]â¯

 FAIL  test/security/input-validation.test.ts > Security Test Suite - Input Validation > Data Validation > should validate JSON payload structure
AssertionError: expected 500 to be 400 // Object.is equality

[32m- Expected[39m
[31m+ Received[39m

[32m- 400[39m
[31m+ 500[39m

 â¯ test/security/input-validation.test.ts:293:33
    291|         })
    292| 
    293|         expect(response.status).toBe(400)
       |                                 ^
    294|       }
    295|     })

â¯â¯â¯â¯â¯â¯â¯â¯â¯â¯â¯â¯â¯â¯â¯â¯â¯â¯â¯â¯â¯â¯[12/12]â¯


 Test Files  4 failed (4)
      Tests  12 failed | 26 passed (38)
   Start at  20:52:42
   Duration  685ms (transform 104ms, setup 0ms, collect 301ms, tests 876ms, environment 0ms, prepare 192ms)

